<?xml version="1.0" encoding="UTF-8"?>
<!-- Generated by org.testng.reporters.JUnitReportReporter -->
<testsuite skipped="0" hostname="LAPTOP-6OACLVLF" name="appServices.AppTestCases" tests="2" failures="0" timestamp="2022-03-14T14:55:56 IST" time="14.369" errors="0">
  <testcase name="user_verify_control_panel" time="11.739" classname="appServices.AppTestCases"/>
  <system-out/>
  <testcase name="user_verify_add_mail_id" time="2.630" classname="appServices.AppTestCases"/>
  <system-out/>
</testsuite> <!-- appServices.AppTestCases -->
