<?xml version="1.0" encoding="UTF-8"?>
<!-- Generated by org.testng.reporters.JUnitReportReporter -->
<testsuite hostname="LAPTOP-6OACLVLF" failures="0" tests="1" name="appServices.AddMailTest" time="1.908" errors="0" timestamp="2022-03-20T10:51:17 IST" skipped="0">
  <testcase classname="appServices.AddMailTest" name="user_verify_add_mail_id" time="1.908"/>
  <system-out/>
</testsuite> <!-- appServices.AddMailTest -->
